0 info it worked if it ends with ok
1 verbose cli [ '/usr/bin/nodejs', '/usr/bin/npm', 'install' ]
2 info using npm@3.5.2
3 info using node@v4.2.3
4 silly loadCurrentTree Starting
5 silly install loadCurrentTree
6 silly install readLocalPackageData
7 silly install normalizeTree
8 silly loadCurrentTree Finishing
9 silly loadIdealTree Starting
10 silly install loadIdealTree
11 silly cloneCurrentTree Starting
12 silly install cloneCurrentTreeToIdealTree
13 silly cloneCurrentTree Finishing
14 silly loadShrinkwrap Starting
15 silly install loadShrinkwrap
16 silly loadShrinkwrap Finishing
17 silly loadAllDepsIntoIdealTree Starting
18 silly install loadAllDepsIntoIdealTree
19 silly loadAllDepsIntoIdealTree Finishing
20 silly idealTree:prePrune ifart
20 silly idealTree:prePrune ├── angular@1.4.8
20 silly idealTree:prePrune ├─┬ bcrypt@0.8.5
20 silly idealTree:prePrune │ ├── bindings@1.2.1
20 silly idealTree:prePrune │ └── nan@2.0.5
20 silly idealTree:prePrune ├─┬ body-parser@1.14.2
20 silly idealTree:prePrune │ ├── bytes@2.2.0
20 silly idealTree:prePrune │ ├── content-type@1.0.1
20 silly idealTree:prePrune │ ├─┬ debug@2.2.0
20 silly idealTree:prePrune │ │ └── ms@0.7.1
20 silly idealTree:prePrune │ ├── depd@1.1.0
20 silly idealTree:prePrune │ ├─┬ http-errors@1.3.1
20 silly idealTree:prePrune │ │ ├── inherits@2.0.1
20 silly idealTree:prePrune │ │ └── statuses@1.2.1
20 silly idealTree:prePrune │ ├── iconv-lite@0.4.13
20 silly idealTree:prePrune │ ├─┬ on-finished@2.3.0
20 silly idealTree:prePrune │ │ └── ee-first@1.1.1
20 silly idealTree:prePrune │ ├── qs@5.2.0
20 silly idealTree:prePrune │ ├─┬ raw-body@2.1.5
20 silly idealTree:prePrune │ │ └── unpipe@1.0.0
20 silly idealTree:prePrune │ └─┬ type-is@1.6.10
20 silly idealTree:prePrune │   ├── media-typer@0.3.0
20 silly idealTree:prePrune │   └─┬ mime-types@2.1.8
20 silly idealTree:prePrune │     └── mime-db@1.20.0
20 silly idealTree:prePrune ├─┬ easyrtc@1.0.15
20 silly idealTree:prePrune │ ├── async@0.2.10
20 silly idealTree:prePrune │ ├── colors@1.1.2
20 silly idealTree:prePrune │ └── underscore@1.5.2
20 silly idealTree:prePrune ├─┬ express@4.13.3
20 silly idealTree:prePrune │ ├─┬ accepts@1.2.13
20 silly idealTree:prePrune │ │ ├─┬ mime-types@2.1.8
20 silly idealTree:prePrune │ │ │ └── mime-db@1.20.0
20 silly idealTree:prePrune │ │ └── negotiator@0.5.3
20 silly idealTree:prePrune │ ├── array-flatten@1.1.1
20 silly idealTree:prePrune │ ├── content-disposition@0.5.0
20 silly idealTree:prePrune │ ├── content-type@1.0.1
20 silly idealTree:prePrune │ ├── cookie-signature@1.0.6
20 silly idealTree:prePrune │ ├── cookie@0.1.3
20 silly idealTree:prePrune │ ├─┬ debug@2.2.0
20 silly idealTree:prePrune │ │ └── ms@0.7.1
20 silly idealTree:prePrune │ ├── depd@1.0.1
20 silly idealTree:prePrune │ ├── escape-html@1.0.2
20 silly idealTree:prePrune │ ├── etag@1.7.0
20 silly idealTree:prePrune │ ├─┬ finalhandler@0.4.0
20 silly idealTree:prePrune │ │ └── unpipe@1.0.0
20 silly idealTree:prePrune │ ├── fresh@0.3.0
20 silly idealTree:prePrune │ ├── merge-descriptors@1.0.0
20 silly idealTree:prePrune │ ├── methods@1.1.1
20 silly idealTree:prePrune │ ├─┬ on-finished@2.3.0
20 silly idealTree:prePrune │ │ └── ee-first@1.1.1
20 silly idealTree:prePrune │ ├── parseurl@1.3.0
20 silly idealTree:prePrune │ ├── path-to-regexp@0.1.7
20 silly idealTree:prePrune │ ├─┬ proxy-addr@1.0.10
20 silly idealTree:prePrune │ │ ├── forwarded@0.1.0
20 silly idealTree:prePrune │ │ └── ipaddr.js@1.0.5
20 silly idealTree:prePrune │ ├── qs@4.0.0
20 silly idealTree:prePrune │ ├── range-parser@1.0.3
20 silly idealTree:prePrune │ ├─┬ send@0.13.0
20 silly idealTree:prePrune │ │ ├── destroy@1.0.3
20 silly idealTree:prePrune │ │ ├─┬ http-errors@1.3.1
20 silly idealTree:prePrune │ │ │ └── inherits@2.0.1
20 silly idealTree:prePrune │ │ ├── mime@1.3.4
20 silly idealTree:prePrune │ │ ├── ms@0.7.1
20 silly idealTree:prePrune │ │ └── statuses@1.2.1
20 silly idealTree:prePrune │ ├── serve-static@1.10.0
20 silly idealTree:prePrune │ ├─┬ type-is@1.6.10
20 silly idealTree:prePrune │ │ ├── media-typer@0.3.0
20 silly idealTree:prePrune │ │ └─┬ mime-types@2.1.8
20 silly idealTree:prePrune │ │   └── mime-db@1.20.0
20 silly idealTree:prePrune │ ├── utils-merge@1.0.0
20 silly idealTree:prePrune │ └── vary@1.0.1
20 silly idealTree:prePrune └─┬ mongoose@4.3.4
20 silly idealTree:prePrune   ├── async@0.9.0
20 silly idealTree:prePrune   ├── bson@0.4.19
20 silly idealTree:prePrune   ├── hooks-fixed@1.1.0
20 silly idealTree:prePrune   ├── kareem@1.0.1
20 silly idealTree:prePrune   ├─┬ mongodb@2.1.2
20 silly idealTree:prePrune   │ ├── es6-promise@3.0.2
20 silly idealTree:prePrune   │ ├─┬ kerberos@0.0.17
20 silly idealTree:prePrune   │ │ └── nan@2.0.9
20 silly idealTree:prePrune   │ ├─┬ mongodb-core@1.2.30
20 silly idealTree:prePrune   │ │ └── bson@0.4.20
20 silly idealTree:prePrune   │ └─┬ readable-stream@1.0.31
20 silly idealTree:prePrune   │   ├── core-util-is@1.0.2
20 silly idealTree:prePrune   │   ├── inherits@2.0.1
20 silly idealTree:prePrune   │   ├── isarray@0.0.1
20 silly idealTree:prePrune   │   └── string_decoder@0.10.31
20 silly idealTree:prePrune   ├── mpath@0.1.1
20 silly idealTree:prePrune   ├── mpromise@0.5.4
20 silly idealTree:prePrune   ├─┬ mquery@1.6.3
20 silly idealTree:prePrune   │ ├── bluebird@2.9.26
20 silly idealTree:prePrune   │ └── debug@2.2.0
20 silly idealTree:prePrune   ├── ms@0.7.1
20 silly idealTree:prePrune   ├── muri@1.0.0
20 silly idealTree:prePrune   ├── regexp-clone@0.0.1
20 silly idealTree:prePrune   └── sliced@0.0.5
21 silly loadIdealTree Finishing
22 silly currentTree ifart
22 silly currentTree ├── angular@1.4.8
22 silly currentTree ├─┬ bcrypt@0.8.5
22 silly currentTree │ ├── bindings@1.2.1
22 silly currentTree │ └── nan@2.0.5
22 silly currentTree ├─┬ body-parser@1.14.2
22 silly currentTree │ ├── bytes@2.2.0
22 silly currentTree │ ├── content-type@1.0.1
22 silly currentTree │ ├─┬ debug@2.2.0
22 silly currentTree │ │ └── ms@0.7.1
22 silly currentTree │ ├── depd@1.1.0
22 silly currentTree │ ├─┬ http-errors@1.3.1
22 silly currentTree │ │ ├── inherits@2.0.1
22 silly currentTree │ │ └── statuses@1.2.1
22 silly currentTree │ ├── iconv-lite@0.4.13
22 silly currentTree │ ├─┬ on-finished@2.3.0
22 silly currentTree │ │ └── ee-first@1.1.1
22 silly currentTree │ ├── qs@5.2.0
22 silly currentTree │ ├─┬ raw-body@2.1.5
22 silly currentTree │ │ └── unpipe@1.0.0
22 silly currentTree │ └─┬ type-is@1.6.10
22 silly currentTree │   ├── media-typer@0.3.0
22 silly currentTree │   └─┬ mime-types@2.1.8
22 silly currentTree │     └── mime-db@1.20.0
22 silly currentTree ├─┬ easyrtc@1.0.15
22 silly currentTree │ ├── async@0.2.10
22 silly currentTree │ ├── colors@1.1.2
22 silly currentTree │ └── underscore@1.5.2
22 silly currentTree ├─┬ express@4.13.3
22 silly currentTree │ ├─┬ accepts@1.2.13
22 silly currentTree │ │ ├─┬ mime-types@2.1.8
22 silly currentTree │ │ │ └── mime-db@1.20.0
22 silly currentTree │ │ └── negotiator@0.5.3
22 silly currentTree │ ├── array-flatten@1.1.1
22 silly currentTree │ ├── content-disposition@0.5.0
22 silly currentTree │ ├── content-type@1.0.1
22 silly currentTree │ ├── cookie-signature@1.0.6
22 silly currentTree │ ├── cookie@0.1.3
22 silly currentTree │ ├─┬ debug@2.2.0
22 silly currentTree │ │ └── ms@0.7.1
22 silly currentTree │ ├── depd@1.0.1
22 silly currentTree │ ├── escape-html@1.0.2
22 silly currentTree │ ├── etag@1.7.0
22 silly currentTree │ ├─┬ finalhandler@0.4.0
22 silly currentTree │ │ └── unpipe@1.0.0
22 silly currentTree │ ├── fresh@0.3.0
22 silly currentTree │ ├── merge-descriptors@1.0.0
22 silly currentTree │ ├── methods@1.1.1
22 silly currentTree │ ├─┬ on-finished@2.3.0
22 silly currentTree │ │ └── ee-first@1.1.1
22 silly currentTree │ ├── parseurl@1.3.0
22 silly currentTree │ ├── path-to-regexp@0.1.7
22 silly currentTree │ ├─┬ proxy-addr@1.0.10
22 silly currentTree │ │ ├── forwarded@0.1.0
22 silly currentTree │ │ └── ipaddr.js@1.0.5
22 silly currentTree │ ├── qs@4.0.0
22 silly currentTree │ ├── range-parser@1.0.3
22 silly currentTree │ ├─┬ send@0.13.0
22 silly currentTree │ │ ├── destroy@1.0.3
22 silly currentTree │ │ ├─┬ http-errors@1.3.1
22 silly currentTree │ │ │ └── inherits@2.0.1
22 silly currentTree │ │ ├── mime@1.3.4
22 silly currentTree │ │ ├── ms@0.7.1
22 silly currentTree │ │ └── statuses@1.2.1
22 silly currentTree │ ├── serve-static@1.10.0
22 silly currentTree │ ├─┬ type-is@1.6.10
22 silly currentTree │ │ ├── media-typer@0.3.0
22 silly currentTree │ │ └─┬ mime-types@2.1.8
22 silly currentTree │ │   └── mime-db@1.20.0
22 silly currentTree │ ├── utils-merge@1.0.0
22 silly currentTree │ └── vary@1.0.1
22 silly currentTree └─┬ mongoose@4.3.4
22 silly currentTree   ├── async@0.9.0
22 silly currentTree   ├── bson@0.4.19
22 silly currentTree   ├── hooks-fixed@1.1.0
22 silly currentTree   ├── kareem@1.0.1
22 silly currentTree   ├─┬ mongodb@2.1.2
22 silly currentTree   │ ├── es6-promise@3.0.2
22 silly currentTree   │ ├─┬ kerberos@0.0.17
22 silly currentTree   │ │ └── nan@2.0.9
22 silly currentTree   │ ├─┬ mongodb-core@1.2.30
22 silly currentTree   │ │ └── bson@0.4.20
22 silly currentTree   │ └─┬ readable-stream@1.0.31
22 silly currentTree   │   ├── core-util-is@1.0.2
22 silly currentTree   │   ├── inherits@2.0.1
22 silly currentTree   │   ├── isarray@0.0.1
22 silly currentTree   │   └── string_decoder@0.10.31
22 silly currentTree   ├── mpath@0.1.1
22 silly currentTree   ├── mpromise@0.5.4
22 silly currentTree   ├─┬ mquery@1.6.3
22 silly currentTree   │ ├── bluebird@2.9.26
22 silly currentTree   │ └── debug@2.2.0
22 silly currentTree   ├── ms@0.7.1
22 silly currentTree   ├── muri@1.0.0
22 silly currentTree   ├── regexp-clone@0.0.1
22 silly currentTree   └── sliced@0.0.5
23 silly idealTree ifart
23 silly idealTree ├── angular@1.4.8
23 silly idealTree ├─┬ bcrypt@0.8.5
23 silly idealTree │ ├── bindings@1.2.1
23 silly idealTree │ └── nan@2.0.5
23 silly idealTree ├─┬ body-parser@1.14.2
23 silly idealTree │ ├── bytes@2.2.0
23 silly idealTree │ ├── content-type@1.0.1
23 silly idealTree │ ├─┬ debug@2.2.0
23 silly idealTree │ │ └── ms@0.7.1
23 silly idealTree │ ├── depd@1.1.0
23 silly idealTree │ ├─┬ http-errors@1.3.1
23 silly idealTree │ │ ├── inherits@2.0.1
23 silly idealTree │ │ └── statuses@1.2.1
23 silly idealTree │ ├── iconv-lite@0.4.13
23 silly idealTree │ ├─┬ on-finished@2.3.0
23 silly idealTree │ │ └── ee-first@1.1.1
23 silly idealTree │ ├── qs@5.2.0
23 silly idealTree │ ├─┬ raw-body@2.1.5
23 silly idealTree │ │ └── unpipe@1.0.0
23 silly idealTree │ └─┬ type-is@1.6.10
23 silly idealTree │   ├── media-typer@0.3.0
23 silly idealTree │   └─┬ mime-types@2.1.8
23 silly idealTree │     └── mime-db@1.20.0
23 silly idealTree ├─┬ easyrtc@1.0.15
23 silly idealTree │ ├── async@0.2.10
23 silly idealTree │ ├── colors@1.1.2
23 silly idealTree │ └── underscore@1.5.2
23 silly idealTree ├─┬ express@4.13.3
23 silly idealTree │ ├─┬ accepts@1.2.13
23 silly idealTree │ │ ├─┬ mime-types@2.1.8
23 silly idealTree │ │ │ └── mime-db@1.20.0
23 silly idealTree │ │ └── negotiator@0.5.3
23 silly idealTree │ ├── array-flatten@1.1.1
23 silly idealTree │ ├── content-disposition@0.5.0
23 silly idealTree │ ├── content-type@1.0.1
23 silly idealTree │ ├── cookie-signature@1.0.6
23 silly idealTree │ ├── cookie@0.1.3
23 silly idealTree │ ├─┬ debug@2.2.0
23 silly idealTree │ │ └── ms@0.7.1
23 silly idealTree │ ├── depd@1.0.1
23 silly idealTree │ ├── escape-html@1.0.2
23 silly idealTree │ ├── etag@1.7.0
23 silly idealTree │ ├─┬ finalhandler@0.4.0
23 silly idealTree │ │ └── unpipe@1.0.0
23 silly idealTree │ ├── fresh@0.3.0
23 silly idealTree │ ├── merge-descriptors@1.0.0
23 silly idealTree │ ├── methods@1.1.1
23 silly idealTree │ ├─┬ on-finished@2.3.0
23 silly idealTree │ │ └── ee-first@1.1.1
23 silly idealTree │ ├── parseurl@1.3.0
23 silly idealTree │ ├── path-to-regexp@0.1.7
23 silly idealTree │ ├─┬ proxy-addr@1.0.10
23 silly idealTree │ │ ├── forwarded@0.1.0
23 silly idealTree │ │ └── ipaddr.js@1.0.5
23 silly idealTree │ ├── qs@4.0.0
23 silly idealTree │ ├── range-parser@1.0.3
23 silly idealTree │ ├─┬ send@0.13.0
23 silly idealTree │ │ ├── destroy@1.0.3
23 silly idealTree │ │ ├─┬ http-errors@1.3.1
23 silly idealTree │ │ │ └── inherits@2.0.1
23 silly idealTree │ │ ├── mime@1.3.4
23 silly idealTree │ │ ├── ms@0.7.1
23 silly idealTree │ │ └── statuses@1.2.1
23 silly idealTree │ ├── serve-static@1.10.0
23 silly idealTree │ ├─┬ type-is@1.6.10
23 silly idealTree │ │ ├── media-typer@0.3.0
23 silly idealTree │ │ └─┬ mime-types@2.1.8
23 silly idealTree │ │   └── mime-db@1.20.0
23 silly idealTree │ ├── utils-merge@1.0.0
23 silly idealTree │ └── vary@1.0.1
23 silly idealTree └─┬ mongoose@4.3.4
23 silly idealTree   ├── async@0.9.0
23 silly idealTree   ├── bson@0.4.19
23 silly idealTree   ├── hooks-fixed@1.1.0
23 silly idealTree   ├── kareem@1.0.1
23 silly idealTree   ├─┬ mongodb@2.1.2
23 silly idealTree   │ ├── es6-promise@3.0.2
23 silly idealTree   │ ├─┬ mongodb-core@1.2.30
23 silly idealTree   │ │ └── bson@0.4.20
23 silly idealTree   │ └─┬ readable-stream@1.0.31
23 silly idealTree   │   ├── core-util-is@1.0.2
23 silly idealTree   │   ├── inherits@2.0.1
23 silly idealTree   │   ├── isarray@0.0.1
23 silly idealTree   │   └── string_decoder@0.10.31
23 silly idealTree   ├── mpath@0.1.1
23 silly idealTree   ├── mpromise@0.5.4
23 silly idealTree   ├─┬ mquery@1.6.3
23 silly idealTree   │ ├── bluebird@2.9.26
23 silly idealTree   │ └── debug@2.2.0
23 silly idealTree   ├── ms@0.7.1
23 silly idealTree   ├── muri@1.0.0
23 silly idealTree   ├── regexp-clone@0.0.1
23 silly idealTree   └── sliced@0.0.5
24 silly generateActionsToTake Starting
25 silly install generateActionsToTake
26 silly rollbackFailedOptional Starting
27 silly rollbackFailedOptional Finishing
28 silly runTopLevelLifecycles Starting
29 silly runTopLevelLifecycles Finishing
30 silly install printInstalled
31 warn Failed to parse json
31 warn Unexpected end of input at 15:2
31 warn
31 warn ^
32 warn File: /home/user/public_html/projects/ifart/package.json
33 verbose stack Error: Appears to be a git repo or submodule.
33 verbose stack     at /usr/lib/node_modules/npm/node_modules/npm-install-checks/index.js:138:15
33 verbose stack     at FSReqWrap.oncomplete (fs.js:82:15)
34 verbose cwd /home/user/public_html/projects/ifart
35 error Linux 3.19.0-42-generic
36 error argv "/usr/bin/nodejs" "/usr/bin/npm" "install"
37 error node v4.2.3
38 error npm  v3.5.2
39 error path /home/user/public_html/projects/ifart/node_modules/easyrtc
40 error code EISGIT
41 error git Appears to be a git repo or submodule.
42 error git /home/user/public_html/projects/ifart/node_modules/easyrtc
43 error git Refusing to remove it. Update manually,
43 error git or move it out of the way first.
44 verbose exit [ 1, true ]
